Arguments: 
  C:\Program Files\nodejs\node.exe C:\Program Files (x86)\Yarn\bin\yarn.js install

PATH: 
  C:\WINDOWS\system32;C:\WINDOWS;C:\WINDOWS\System32\Wbem;C:\WINDOWS\System32\WindowsPowerShell\v1.0\;C:\Program Files\nodejs\;C:\Program Files\Git\cmd;C:\Program Files (x86)\Yarn\bin;C:\Users\vaju\AppData\Local\Programs\Python\Python35\Scripts\;C:\Users\vaju\AppData\Local\Programs\Python\Python35\;C:\Users\vaju\AppData\Local\Microsoft\WindowsApps;C:\Users\vaju\AppData\Roaming\npm;C:\Program Files\Microsoft VS Code\bin;C:\Users\vaju\AppData\Local\Yarn\bin

Yarn version: 
  1.0.1

Node version: 
  6.11.1

Platform: 
  win32 x64

npm manifest: 
  {
  	"name": "friendly-adventure-front",
  	"version": "0.0.0",
  	"license": "MIT",
  	"scripts": {
  		"ng": "ng",
  		"start": "ng serve",
  		"build": "ng build",
  		"test": "ng test",
  		"lint": "ng lint",
  		"e2e": "ng e2e"
  	},
  	"private": true,
  	"dependencies": {
  		"@angular/animations": "^5.0.0",
  		"@angular/common": "^5.0.0",
  		"@angular/compiler": "^5.0.0",
  		"@angular/core": "^5.0.0",
  		"@angular/forms": "^5.0.0",
  		"@angular/http": "^5.0.0",
  		"@angular/platform-browser": "^5.0.0",
  		"@angular/platform-browser-dynamic": "^5.0.0",
  		"@angular/router": "^5.0.0",
  		"core-js": "^2.4.1",
  		"rxjs": "^5.5.2",
  		"zone.js": "^0.8.14"
  	},
  	"devDependencies": {
  		"@angular/cli": "1.5.0",
  		"@angular/compiler-cli": "^5.0.0",
  		"@angular/language-service": "^5.0.0",
  		"@types/jasmine": "~2.5.53",
  		"@types/jasminewd2": "~2.0.2",
  		"@types/node": "~6.0.60",
  		"codelyzer": "~3.2.0",
  		"jasmine-core": "~2.6.2",
  		"jasmine-spec-reporter": "~4.1.0",
  		"karma": "~1.7.0",
  		"karma-chrome-launcher": "~2.1.1",
  		"karma-cli": "~1.0.1",
  		"karma-coverage-istanbul-reporter": "^1.2.1",
  		"karma-jasmine": "~1.1.0",
  		"karma-jasmine-html-reporter": "^0.2.2",
  		"protractor": "~5.1.2",
  		"ts-node": "~3.2.0",
  		"tslint": "~5.7.0",
  		"typescript": "~2.4.2"
  	}
  }

yarn manifest: 
  No manifest

Lockfile: 
  No lockfile

Trace: 
  Error: https://registry.yarnpkg.com/rxjs/-/rxjs-5.5.2.tgz: ESOCKETTIMEDOUT
      at ClientRequest.<anonymous> (C:\Program Files (x86)\Yarn\lib\cli.js:117955:19)
      at ClientRequest.g (events.js:292:16)
      at emitNone (events.js:86:13)
      at ClientRequest.emit (events.js:185:7)
      at TLSSocket.emitTimeout (_http_client.js:629:10)
      at TLSSocket.g (events.js:292:16)
      at emitNone (events.js:86:13)
      at TLSSocket.emit (events.js:185:7)
      at TLSSocket.Socket._onTimeout (net.js:338:8)
      at ontimeout (timers.js:386:14)
